app/manifest-merger-debug-report.txt
-- Merging decision tree log ---
manifest
ADDED from AndroidManifest.xml:2:1
	package
		ADDED from AndroidManifest.xml:3:5
		INJECTED from AndroidManifest.xml:0:0
		INJECTED from AndroidManifest.xml:0:0
	android:versionName
		INJECTED from AndroidManifest.xml:0:0
		INJECTED from AndroidManifest.xml:0:0
	xmlns:android
		ADDED from AndroidManifest.xml:2:11
	android:versionCode
		INJECTED from AndroidManifest.xml:0:0
		INJECTED from AndroidManifest.xml:0:0
uses-permission#android.permission.WRITE_EXTERNAL_STORAGE
ADDED from AndroidManifest.xml:5:5
MERGED from com.google.android.gms:play-services-maps:7.8.0:22:5
MERGED from com.google.android.gms:play-services-maps:7.8.0:22:5
MERGED from com.google.android.gms:play-services-maps:7.8.0:22:5
MERGED from com.google.android.gms:play-services-maps:7.8.0:22:5
	android:name
		ADDED from AndroidManifest.xml:5:22
uses-permission#android.permission.ACCESS_FINE_LOCATION
ADDED from AndroidManifest.xml:6:5
	android:name
		ADDED from AndroidManifest.xml:6:22
uses-permission#android.permission.ACCESS_COARSE_LOCATION
ADDED from AndroidManifest.xml:7:5
	android:name
		ADDED from AndroidManifest.xml:7:22
uses-permission#android.permission.INTERNET
ADDED from AndroidManifest.xml:8:5
MERGED from com.google.android.gms:play-services-ads:7.8.0:20:5
MERGED from com.google.android.gms:play-services-analytics:7.8.0:21:5
MERGED from com.google.android.gms:play-services-analytics:7.8.0:21:5
MERGED from com.google.android.gms:play-services-appinvite:7.8.0:19:5
MERGED from com.google.android.gms:play-services-maps:7.8.0:21:5
MERGED from com.google.android.gms:play-services-gcm:7.8.0:22:5
MERGED from com.google.android.gms:play-services-maps:7.8.0:21:5
MERGED from com.google.android.gms:play-services-maps:7.8.0:21:5
MERGED from com.google.android.gms:play-services-wallet:7.8.0:20:5
MERGED from com.google.android.gms:play-services-maps:7.8.0:21:5
	android:name
		ADDED from AndroidManifest.xml:8:22
uses-permission#android.permission.ACCESS_NETWORK_STATE
ADDED from AndroidManifest.xml:9:5
MERGED from com.google.android.gms:play-services-ads:7.8.0:21:5
MERGED from com.google.android.gms:play-services-analytics:7.8.0:22:5
MERGED from com.google.android.gms:play-services-analytics:7.8.0:22:5
MERGED from com.google.android.gms:play-services-maps:7.8.0:20:5
MERGED from com.google.android.gms:play-services-maps:7.8.0:20:5
MERGED from com.google.android.gms:play-services-maps:7.8.0:20:5
MERGED from com.google.android.gms:play-services-nearby:7.8.0:19:5
MERGED from com.google.android.gms:play-services-maps:7.8.0:20:5
	android:name
		ADDED from AndroidManifest.xml:9:22
uses-permission#android.permission.GET_ACCOUNTS
ADDED from AndroidManifest.xml:10:5
MERGED from com.google.android.gms:play-services-wallet:7.8.0:21:5
	android:name
		ADDED from AndroidManifest.xml:10:22
uses-permission#android.permission.WAKE_LOCK
ADDED from AndroidManifest.xml:11:5
	android:name
		ADDED from AndroidManifest.xml:11:22
uses-permission#com.google.android.c2dm.permission.RECEIVE
ADDED from AndroidManifest.xml:12:5
MERGED from com.google.android.gms:play-services-gcm:7.8.0:21:5
	android:name
		ADDED from AndroidManifest.xml:12:22
uses-permission#android.permission.VIBRATE
ADDED from AndroidManifest.xml:13:5
	android:name
		ADDED from AndroidManifest.xml:13:22
uses-permission#android.permission.GET_TASKS
ADDED from AndroidManifest.xml:14:5
	android:name
		ADDED from AndroidManifest.xml:14:22
permission#labex.feevale.br.looky.gcm.permission.C2D_MESSAGE
ADDED from AndroidManifest.xml:16:5
	android:protectionLevel
		ADDED from AndroidManifest.xml:17:9
	android:name
		ADDED from AndroidManifest.xml:16:17
uses-permission#labex.feevale.br.looky.gcm.permission.C2D_MESSAGE
ADDED from AndroidManifest.xml:18:5
	android:name
		ADDED from AndroidManifest.xml:18:22
application
ADDED from AndroidManifest.xml:21:5
MERGED from com.android.support:design:22.2.0:22:5
MERGED from com.android.support:appcompat-v7:22.2.0:22:5
MERGED from com.android.support:support-v4:22.2.0:22:5
MERGED from com.android.support:support-v4:22.2.0:22:5
MERGED from com.android.support:gridlayout-v7:22.0.0:22:5
MERGED from com.android.support:support-v4:22.2.0:22:5
MERGED from com.android.support:appcompat-v7:22.2.0:22:5
MERGED from com.android.support:support-v4:22.2.0:22:5
MERGED from com.android.support:support-v4:22.2.0:22:5
MERGED from com.android.support:cardview-v7:22.2.0:22:5
MERGED from com.android.support:support-v4:22.2.0:22:5
MERGED from com.google.android.gms:play-services:7.8.0:19:5
MERGED from com.google.android.gms:play-services-ads:7.8.0:24:5
MERGED from com.google.android.gms:play-services-base:7.8.0:20:5
MERGED from com.android.support:support-v4:22.2.0:22:5
MERGED from com.google.android.gms:play-services-analytics:7.8.0:24:5
MERGED from com.google.android.gms:play-services-base:7.8.0:20:5
MERGED from com.android.support:support-v4:22.2.0:22:5
MERGED from com.google.android.gms:play-services-appindexing:7.8.0:19:5
MERGED from com.google.android.gms:play-services-base:7.8.0:20:5
MERGED from com.android.support:support-v4:22.2.0:22:5
MERGED from com.google.android.gms:play-services-analytics:7.8.0:24:5
MERGED from com.google.android.gms:play-services-base:7.8.0:20:5
MERGED from com.android.support:support-v4:22.2.0:22:5
MERGED from com.google.android.gms:play-services-appindexing:7.8.0:19:5
MERGED from com.google.android.gms:play-services-base:7.8.0:20:5
MERGED from com.android.support:support-v4:22.2.0:22:5
MERGED from com.google.android.gms:play-services-appinvite:7.8.0:20:5
MERGED from com.google.android.gms:play-services-base:7.8.0:20:5
MERGED from com.android.support:support-v4:22.2.0:22:5
MERGED from com.google.android.gms:play-services-appstate:7.8.0:19:5
MERGED from com.google.android.gms:play-services-base:7.8.0:20:5
MERGED from com.android.support:support-v4:22.2.0:22:5
MERGED from com.google.android.gms:play-services-base:7.8.0:20:5
MERGED from com.android.support:support-v4:22.2.0:22:5
MERGED from com.google.android.gms:play-services-cast:7.8.0:19:5
MERGED from com.google.android.gms:play-services-base:7.8.0:20:5
MERGED from com.android.support:support-v4:22.2.0:22:5
MERGED from com.android.support:mediarouter-v7:22.2.0:22:5
MERGED from com.android.support:appcompat-v7:22.2.0:22:5
MERGED from com.android.support:support-v4:22.2.0:22:5
MERGED from com.google.android.gms:play-services-drive:7.8.0:19:5
MERGED from com.google.android.gms:play-services-base:7.8.0:20:5
MERGED from com.android.support:support-v4:22.2.0:22:5
MERGED from com.google.android.gms:play-services-fitness:7.8.0:19:5
MERGED from com.google.android.gms:play-services-base:7.8.0:20:5
MERGED from com.android.support:support-v4:22.2.0:22:5
MERGED from com.google.android.gms:play-services-location:7.8.0:19:5
MERGED from com.google.android.gms:play-services-base:7.8.0:20:5
MERGED from com.android.support:support-v4:22.2.0:22:5
MERGED from com.google.android.gms:play-services-maps:7.8.0:28:5
MERGED from com.google.android.gms:play-services-base:7.8.0:20:5
MERGED from com.android.support:support-v4:22.2.0:22:5
MERGED from com.google.android.gms:play-services-games:7.8.0:19:5
MERGED from com.google.android.gms:play-services-base:7.8.0:20:5
MERGED from com.android.support:support-v4:22.2.0:22:5
MERGED from com.google.android.gms:play-services-drive:7.8.0:19:5
MERGED from com.google.android.gms:play-services-base:7.8.0:20:5
MERGED from com.android.support:support-v4:22.2.0:22:5
MERGED from com.google.android.gms:play-services-gcm:7.8.0:24:5
MERGED from com.google.android.gms:play-services-base:7.8.0:20:5
MERGED from com.android.support:support-v4:22.2.0:22:5
MERGED from com.google.android.gms:play-services-identity:7.8.0:19:5
MERGED from com.google.android.gms:play-services-base:7.8.0:20:5
MERGED from com.android.support:support-v4:22.2.0:22:5
MERGED from com.google.android.gms:play-services-location:7.8.0:19:5
MERGED from com.google.android.gms:play-services-base:7.8.0:20:5
MERGED from com.android.support:support-v4:22.2.0:22:5
MERGED from com.google.android.gms:play-services-maps:7.8.0:28:5
MERGED from com.google.android.gms:play-services-base:7.8.0:20:5
MERGED from com.android.support:support-v4:22.2.0:22:5
MERGED from com.google.android.gms:play-services-maps:7.8.0:28:5
MERGED from com.google.android.gms:play-services-base:7.8.0:20:5
MERGED from com.android.support:support-v4:22.2.0:22:5
MERGED from com.google.android.gms:play-services-nearby:7.8.0:20:5
MERGED from com.google.android.gms:play-services-base:7.8.0:20:5
MERGED from com.android.support:support-v4:22.2.0:22:5
MERGED from com.google.android.gms:play-services-panorama:7.8.0:19:5
MERGED from com.google.android.gms:play-services-base:7.8.0:20:5
MERGED from com.android.support:support-v4:22.2.0:22:5
MERGED from com.google.android.gms:play-services-plus:7.8.0:19:5
MERGED from com.google.android.gms:play-services-base:7.8.0:20:5
MERGED from com.android.support:support-v4:22.2.0:22:5
MERGED from com.google.android.gms:play-services-safetynet:7.8.0:19:5
MERGED from com.google.android.gms:play-services-base:7.8.0:20:5
MERGED from com.android.support:support-v4:22.2.0:22:5
MERGED from com.google.android.gms:play-services-vision:7.8.0:5:5
MERGED from com.google.android.gms:play-services-base:7.8.0:20:5
MERGED from com.android.support:support-v4:22.2.0:22:5
MERGED from com.google.android.gms:play-services-base:7.8.0:20:5
MERGED from com.android.support:support-v4:22.2.0:22:5
MERGED from com.google.android.gms:play-services-identity:7.8.0:19:5
MERGED from com.google.android.gms:play-services-base:7.8.0:20:5
MERGED from com.android.support:support-v4:22.2.0:22:5
MERGED from com.google.android.gms:play-services-maps:7.8.0:28:5
MERGED from com.google.android.gms:play-services-base:7.8.0:20:5
MERGED from com.android.support:support-v4:22.2.0:22:5
MERGED from com.google.android.gms:play-services-wearable:7.8.0:19:5
MERGED from com.google.android.gms:play-services-base:7.8.0:20:5
MERGED from com.android.support:support-v4:22.2.0:22:5
MERGED from com.github.satyan:sugar:1.3:11:5
	android:label
		ADDED from AndroidManifest.xml:24:9
	android:allowBackup
		ADDED from AndroidManifest.xml:22:9
	android:icon
		ADDED from AndroidManifest.xml:23:9
	android:theme
		ADDED from AndroidManifest.xml:25:9
	android:name
		ADDED from AndroidManifest.xml:26:9
meta-data#DATABASE
ADDED from AndroidManifest.xml:28:9
	android:value
		ADDED from AndroidManifest.xml:28:44
	android:name
		ADDED from AndroidManifest.xml:28:20
meta-data#VERSION
ADDED from AndroidManifest.xml:29:9
	android:value
		ADDED from AndroidManifest.xml:29:43
	android:name
		ADDED from AndroidManifest.xml:29:20
meta-data#QUERY_LOG
ADDED from AndroidManifest.xml:30:9
	android:value
		ADDED from AndroidManifest.xml:30:45
	android:name
		ADDED from AndroidManifest.xml:30:20
meta-data#DOMAIN_PACKAGE_NAME
ADDED from AndroidManifest.xml:31:9
	android:value
		ADDED from AndroidManifest.xml:31:55
	android:name
		ADDED from AndroidManifest.xml:31:20
activity#labex.feevale.br.looky.SplashActivity
ADDED from AndroidManifest.xml:33:9
	android:label
		ADDED from AndroidManifest.xml:36:13
	android:windowSoftInputMode
		ADDED from AndroidManifest.xml:37:13
	android:configChanges
		ADDED from AndroidManifest.xml:35:13
	android:name
		ADDED from AndroidManifest.xml:34:13
intent-filter#android.intent.action.MAIN+android.intent.category.LAUNCHER
ADDED from AndroidManifest.xml:38:13
action#android.intent.action.MAIN
ADDED from AndroidManifest.xml:39:17
	android:name
		ADDED from AndroidManifest.xml:39:25
category#android.intent.category.LAUNCHER
ADDED from AndroidManifest.xml:40:17
	android:name
		ADDED from AndroidManifest.xml:40:27
activity#labex.feevale.br.looky.MainActivity
ADDED from AndroidManifest.xml:44:9
	android:label
		ADDED from AndroidManifest.xml:46:13
	android:windowSoftInputMode
		ADDED from AndroidManifest.xml:47:13
	android:configChanges
		ADDED from AndroidManifest.xml:45:13
	android:name
		ADDED from AndroidManifest.xml:44:19
receiver#labex.feevale.br.looky.gcm.GcmBroadcastReceiver
ADDED from AndroidManifest.xml:49:9
	android:permission
		ADDED from AndroidManifest.xml:51:13
	android:name
		ADDED from AndroidManifest.xml:50:13
intent-filter#com.google.android.c2dm.intent.RECEIVE+labex.feevale.br.looky.gcm
ADDED from AndroidManifest.xml:52:13
action#com.google.android.c2dm.intent.RECEIVE
ADDED from AndroidManifest.xml:53:17
	android:name
		ADDED from AndroidManifest.xml:53:25
category#labex.feevale.br.looky.gcm
ADDED from AndroidManifest.xml:54:17
	android:name
		ADDED from AndroidManifest.xml:54:27
service#labex.feevale.br.looky.gcm.GcmMessageHandler
ADDED from AndroidManifest.xml:57:9
	android:name
		ADDED from AndroidManifest.xml:57:18
service#labex.feevale.br.looky.service.impl.LoadSubjectService
ADDED from AndroidManifest.xml:68:9
	android:exported
		ADDED from AndroidManifest.xml:68:66
	android:name
		ADDED from AndroidManifest.xml:68:18
uses-sdk
INJECTED from AndroidManifest.xml:0:0 reason: use-sdk injection requested
MERGED from com.android.support:design:22.2.0:20:5
MERGED from com.android.support:appcompat-v7:22.2.0:20:5
MERGED from com.android.support:support-v4:22.2.0:20:5
MERGED from com.android.support:support-v4:22.2.0:20:5
MERGED from com.android.support:gridlayout-v7:22.0.0:20:5
MERGED from com.android.support:support-v4:22.2.0:20:5
MERGED from com.android.support:appcompat-v7:22.2.0:20:5
MERGED from com.android.support:support-v4:22.2.0:20:5
MERGED from com.android.support:support-v4:22.2.0:20:5
MERGED from com.android.support:cardview-v7:22.2.0:20:5
MERGED from com.android.support:recyclerview-v7:22.2.0:20:5
MERGED from com.android.support:support-v4:22.2.0:20:5
MERGED from com.google.android.gms:play-services:7.8.0:18:5
MERGED from com.google.android.gms:play-services-ads:7.8.0:23:5
MERGED from com.google.android.gms:play-services-base:7.8.0:18:5
MERGED from com.android.support:support-v4:22.2.0:20:5
MERGED from com.google.android.gms:play-services-analytics:7.8.0:18:5
MERGED from com.google.android.gms:play-services-base:7.8.0:18:5
MERGED from com.android.support:support-v4:22.2.0:20:5
MERGED from com.google.android.gms:play-services-appindexing:7.8.0:18:5
MERGED from com.google.android.gms:play-services-base:7.8.0:18:5
MERGED from com.android.support:support-v4:22.2.0:20:5
MERGED from com.google.android.gms:play-services-analytics:7.8.0:18:5
MERGED from com.google.android.gms:play-services-base:7.8.0:18:5
MERGED from com.android.support:support-v4:22.2.0:20:5
MERGED from com.google.android.gms:play-services-appindexing:7.8.0:18:5
MERGED from com.google.android.gms:play-services-base:7.8.0:18:5
MERGED from com.android.support:support-v4:22.2.0:20:5
MERGED from com.google.android.gms:play-services-appinvite:7.8.0:18:5
MERGED from com.google.android.gms:play-services-base:7.8.0:18:5
MERGED from com.android.support:support-v4:22.2.0:20:5
MERGED from com.google.android.gms:play-services-appstate:7.8.0:18:5
MERGED from com.google.android.gms:play-services-base:7.8.0:18:5
MERGED from com.android.support:support-v4:22.2.0:20:5
MERGED from com.google.android.gms:play-services-base:7.8.0:18:5
MERGED from com.android.support:support-v4:22.2.0:20:5
MERGED from com.google.android.gms:play-services-cast:7.8.0:18:5
MERGED from com.google.android.gms:play-services-base:7.8.0:18:5
MERGED from com.android.support:support-v4:22.2.0:20:5
MERGED from com.android.support:mediarouter-v7:22.2.0:20:5
MERGED from com.android.support:appcompat-v7:22.2.0:20:5
MERGED from com.android.support:support-v4:22.2.0:20:5
MERGED from com.google.android.gms:play-services-drive:7.8.0:18:5
MERGED from com.google.android.gms:play-services-base:7.8.0:18:5
MERGED from com.android.support:support-v4:22.2.0:20:5
MERGED from com.google.android.gms:play-services-fitness:7.8.0:18:5
MERGED from com.google.android.gms:play-services-base:7.8.0:18:5
MERGED from com.android.support:support-v4:22.2.0:20:5
MERGED from com.google.android.gms:play-services-location:7.8.0:18:5
MERGED from com.google.android.gms:play-services-base:7.8.0:18:5
MERGED from com.android.support:support-v4:22.2.0:20:5
MERGED from com.google.android.gms:play-services-maps:7.8.0:27:5
MERGED from com.google.android.gms:play-services-base:7.8.0:18:5
MERGED from com.android.support:support-v4:22.2.0:20:5
MERGED from com.google.android.gms:play-services-games:7.8.0:18:5
MERGED from com.google.android.gms:play-services-base:7.8.0:18:5
MERGED from com.android.support:support-v4:22.2.0:20:5
MERGED from com.google.android.gms:play-services-drive:7.8.0:18:5
MERGED from com.google.android.gms:play-services-base:7.8.0:18:5
MERGED from com.android.support:support-v4:22.2.0:20:5
MERGED from com.google.android.gms:play-services-gcm:7.8.0:18:5
MERGED from com.google.android.gms:play-services-base:7.8.0:18:5
MERGED from com.android.support:support-v4:22.2.0:20:5
MERGED from com.google.android.gms:play-services-identity:7.8.0:18:5
MERGED from com.google.android.gms:play-services-base:7.8.0:18:5
MERGED from com.android.support:support-v4:22.2.0:20:5
MERGED from com.google.android.gms:play-services-location:7.8.0:18:5
MERGED from com.google.android.gms:play-services-base:7.8.0:18:5
MERGED from com.android.support:support-v4:22.2.0:20:5
MERGED from com.google.android.gms:play-services-maps:7.8.0:27:5
MERGED from com.google.android.gms:play-services-base:7.8.0:18:5
MERGED from com.android.support:support-v4:22.2.0:20:5
MERGED from com.google.android.gms:play-services-maps:7.8.0:27:5
MERGED from com.google.android.gms:play-services-base:7.8.0:18:5
MERGED from com.android.support:support-v4:22.2.0:20:5
MERGED from com.google.android.gms:play-services-nearby:7.8.0:18:5
MERGED from com.google.android.gms:play-services-base:7.8.0:18:5
MERGED from com.android.support:support-v4:22.2.0:20:5
MERGED from com.google.android.gms:play-services-panorama:7.8.0:18:5
MERGED from com.google.android.gms:play-services-base:7.8.0:18:5
MERGED from com.android.support:support-v4:22.2.0:20:5
MERGED from com.google.android.gms:play-services-plus:7.8.0:18:5
MERGED from com.google.android.gms:play-services-base:7.8.0:18:5
MERGED from com.android.support:support-v4:22.2.0:20:5
MERGED from com.google.android.gms:play-services-safetynet:7.8.0:18:5
MERGED from com.google.android.gms:play-services-base:7.8.0:18:5
MERGED from com.android.support:support-v4:22.2.0:20:5
MERGED from com.google.android.gms:play-services-vision:7.8.0:4:5
MERGED from com.google.android.gms:play-services-base:7.8.0:18:5
MERGED from com.android.support:support-v4:22.2.0:20:5
MERGED from com.google.android.gms:play-services-wallet:7.8.0:19:5
MERGED from com.google.android.gms:play-services-base:7.8.0:18:5
MERGED from com.android.support:support-v4:22.2.0:20:5
MERGED from com.google.android.gms:play-services-identity:7.8.0:18:5
MERGED from com.google.android.gms:play-services-base:7.8.0:18:5
MERGED from com.android.support:support-v4:22.2.0:20:5
MERGED from com.google.android.gms:play-services-maps:7.8.0:27:5
MERGED from com.google.android.gms:play-services-base:7.8.0:18:5
MERGED from com.android.support:support-v4:22.2.0:20:5
MERGED from com.google.android.gms:play-services-wearable:7.8.0:18:5
MERGED from com.google.android.gms:play-services-base:7.8.0:18:5
MERGED from com.android.support:support-v4:22.2.0:20:5
MERGED from com.github.satyan:sugar:1.3:7:5
	android:targetSdkVersion
		INJECTED from AndroidManifest.xml:0:0
		INJECTED from AndroidManifest.xml:0:0
	android:minSdkVersion
		INJECTED from AndroidManifest.xml:0:0
		INJECTED from AndroidManifest.xml:0:0
activity#com.google.android.gms.ads.AdActivity
ADDED from com.google.android.gms:play-services-ads:7.8.0:26:9
	android:configChanges
		ADDED from com.google.android.gms:play-services-ads:7.8.0:28:13
	android:theme
		ADDED from com.google.android.gms:play-services-ads:7.8.0:29:13
	android:name
		ADDED from com.google.android.gms:play-services-ads:7.8.0:27:13
activity#com.google.android.gms.ads.purchase.InAppPurchaseActivity
ADDED from com.google.android.gms:play-services-ads:7.8.0:30:9
	android:theme
		ADDED from com.google.android.gms:play-services-ads:7.8.0:31:13
	android:name
		ADDED from com.google.android.gms:play-services-ads:7.8.0:30:19
meta-data#com.google.android.gms.version
ADDED from com.google.android.gms:play-services-base:7.8.0:21:9
MERGED from com.google.android.gms:play-services-base:7.8.0:21:9
MERGED from com.google.android.gms:play-services-base:7.8.0:21:9
MERGED from com.google.android.gms:play-services-base:7.8.0:21:9
MERGED from com.google.android.gms:play-services-base:7.8.0:21:9
MERGED from com.google.android.gms:play-services-base:7.8.0:21:9
MERGED from com.google.android.gms:play-services-base:7.8.0:21:9
MERGED from com.google.android.gms:play-services-base:7.8.0:21:9
MERGED from com.google.android.gms:play-services-base:7.8.0:21:9
MERGED from com.google.android.gms:play-services-base:7.8.0:21:9
MERGED from com.google.android.gms:play-services-base:7.8.0:21:9
MERGED from com.google.android.gms:play-services-base:7.8.0:21:9
MERGED from com.google.android.gms:play-services-base:7.8.0:21:9
MERGED from com.google.android.gms:play-services-base:7.8.0:21:9
MERGED from com.google.android.gms:play-services-base:7.8.0:21:9
MERGED from com.google.android.gms:play-services-base:7.8.0:21:9
MERGED from com.google.android.gms:play-services-base:7.8.0:21:9
MERGED from com.google.android.gms:play-services-base:7.8.0:21:9
MERGED from com.google.android.gms:play-services-base:7.8.0:21:9
MERGED from com.google.android.gms:play-services-base:7.8.0:21:9
MERGED from com.google.android.gms:play-services-base:7.8.0:21:9
MERGED from com.google.android.gms:play-services-base:7.8.0:21:9
MERGED from com.google.android.gms:play-services-base:7.8.0:21:9
MERGED from com.google.android.gms:play-services-base:7.8.0:21:9
MERGED from com.google.android.gms:play-services-base:7.8.0:21:9
MERGED from com.google.android.gms:play-services-base:7.8.0:21:9
MERGED from com.google.android.gms:play-services-base:7.8.0:21:9
MERGED from com.google.android.gms:play-services-base:7.8.0:21:9
MERGED from com.google.android.gms:play-services-base:7.8.0:21:9
	android:value
		ADDED from com.google.android.gms:play-services-base:7.8.0:23:13
	android:name
		ADDED from com.google.android.gms:play-services-base:7.8.0:22:13
uses-feature#0x00020000
ADDED from com.google.android.gms:play-services-maps:7.8.0:23:5
MERGED from com.google.android.gms:play-services-maps:7.8.0:23:5
MERGED from com.google.android.gms:play-services-maps:7.8.0:23:5
MERGED from com.google.android.gms:play-services-maps:7.8.0:23:5
	android:glEsVersion
		ADDED from com.google.android.gms:play-services-maps:7.8.0:24:8
	android:required
		ADDED from com.google.android.gms:play-services-maps:7.8.0:25:8
android:uses-permission#android.permission.READ_EXTERNAL_STORAGE
IMPLIED from AndroidManifest.xml:2:1 reason: com.google.android.gms.maps requested WRITE_EXTERNAL_STORAGE
uses-permission#android.permission.USE_CREDENTIALS
ADDED from com.google.android.gms:play-services-wallet:7.8.0:22:5
	android:name
		ADDED from com.google.android.gms:play-services-wallet:7.8.0:22:22